2025-04-02 10:09:33,978 - xxlJobRun - INFO - === 日期参数 ===
2025-04-02 10:09:33,978 - xxlJobRun - INFO - 当前日期: 2025-04-02
2025-04-02 10:09:33,978 - xxlJobRun - INFO - 目标处理日期: 20250630
2025-04-02 10:09:33,978 - xxlJobRun - INFO - === 处理业绩报告数据 ===
2025-04-02 10:09:34,092 - xxlJobRun - INFO - 业绩报告：没有获取到数据
2025-04-02 10:09:34,092 - xxlJobRun - INFO - === 处理业绩预告数据 ===
2025-04-02 10:09:34,186 - xxlJobRun - INFO - 业绩预告：没有获取到数据
2025-04-02 10:09:34,186 - xxlJobRun - INFO - 任务已执行
2025-04-02 10:41:34,143 - xxlJobRun - INFO - === 日期参数 ===
2025-04-02 10:41:34,144 - xxlJobRun - INFO - 当前日期: 2025-04-02
2025-04-02 10:41:34,144 - xxlJobRun - INFO - 业绩报告处理日期: 20250331
2025-04-02 10:41:34,144 - xxlJobRun - INFO - 业绩预告处理日期: 20250630
2025-04-02 10:41:34,144 - xxlJobRun - INFO - === 处理业绩报告数据 ===
2025-04-02 10:41:34,307 - xxlJobRun - INFO - 业绩报告：没有获取到数据
2025-04-02 10:41:34,307 - xxlJobRun - INFO - === 处理业绩预告数据 ===
2025-04-02 10:41:34,421 - xxlJobRun - INFO - 业绩预告：没有获取到数据
2025-04-02 10:41:34,421 - xxlJobRun - INFO - 任务已执行
2025-04-02 10:42:10,771 - xxlJobRun - INFO - === 日期参数 ===
2025-04-02 10:42:10,771 - xxlJobRun - INFO - 当前日期: 2025-04-02
2025-04-02 10:42:10,771 - xxlJobRun - INFO - 业绩报告处理日期: 20250331
2025-04-02 10:42:10,771 - xxlJobRun - INFO - 业绩预告处理日期: 20250630
2025-04-02 10:42:10,771 - xxlJobRun - INFO - === 处理业绩报告数据 ===
2025-04-02 10:48:12,323 - xxlJobRun - INFO - === 日期参数 ===
2025-04-02 10:48:12,323 - xxlJobRun - INFO - 当前日期: 2025-04-02
2025-04-02 10:48:12,323 - xxlJobRun - INFO - 业绩报告处理日期: 20241231
2025-04-02 10:48:12,323 - xxlJobRun - INFO - 业绩预告处理日期: 20241231
2025-04-02 10:48:12,323 - xxlJobRun - INFO - === 处理业绩报告数据 ===
2025-04-02 10:48:32,827 - xxlJobRun - INFO - === 处理业绩预告数据 ===
2025-04-02 10:50:06,089 - xxlJobRun - INFO - 任务已执行
2025-04-02 10:59:29,518 - xxlJobRun - INFO - === 日期参数 ===
2025-04-02 10:59:29,518 - xxlJobRun - INFO - 当前日期: 2025-04-02
2025-04-02 10:59:29,518 - xxlJobRun - INFO - 业绩报告处理日期: 20250331
2025-04-02 10:59:29,518 - xxlJobRun - INFO - 业绩预告处理日期: 20250630
2025-04-02 10:59:29,518 - xxlJobRun - INFO - === 处理业绩报告数据 ===
2025-04-02 10:59:29,620 - xxlJobRun - INFO - 业绩报告：没有获取到数据
2025-04-02 10:59:29,620 - xxlJobRun - INFO - === 处理业绩预告数据 ===
2025-04-02 10:59:29,698 - xxlJobRun - INFO - 业绩预告：没有获取到数据
2025-04-02 10:59:29,698 - xxlJobRun - INFO - 任务已执行
2025-04-02 11:02:27,253 - xxlJobRun - INFO - === 日期参数 ===
2025-04-02 11:02:27,253 - xxlJobRun - INFO - 当前日期: 2025-04-02
2025-04-02 11:02:27,253 - xxlJobRun - INFO - 业绩报告处理日期: 20250331
2025-04-02 11:02:27,253 - xxlJobRun - INFO - 业绩预告处理日期: 20250630
2025-04-02 11:02:27,253 - xxlJobRun - INFO - === 处理业绩报告数据 ===
2025-04-02 11:02:27,339 - xxlJobRun - INFO - 业绩报告：没有获取到数据
2025-04-02 11:02:27,340 - xxlJobRun - INFO - === 处理业绩预告数据 ===
2025-04-02 11:02:27,524 - xxlJobRun - INFO - 业绩预告：没有获取到数据
2025-04-02 11:02:27,524 - xxlJobRun - INFO - 任务已执行
2025-04-02 11:09:57,633 - xxlJobRun - INFO - === 日期参数 ===
2025-04-02 11:09:57,633 - xxlJobRun - INFO - 当前日期: 2025-04-02
2025-04-02 11:09:57,633 - xxlJobRun - INFO - 业绩报告处理日期: 20240930
2025-04-02 11:09:57,633 - xxlJobRun - INFO - 业绩预告处理日期: 20240930
2025-04-02 11:09:57,633 - xxlJobRun - INFO - === 处理业绩报告数据 ===
2025-04-02 11:11:13,803 - xxlJobRun - INFO - === 处理业绩预告数据 ===
2025-04-02 11:11:22,666 - xxlJobRun - INFO - 任务已执行
2025-04-02 15:38:55,048 - xxlJobRun - INFO - === 日期参数 ===
2025-04-02 15:38:55,048 - xxlJobRun - INFO - 当前日期: 2025-04-02
2025-04-02 15:38:55,048 - xxlJobRun - INFO - 业绩报告处理日期: 20250331
2025-04-02 15:38:55,048 - xxlJobRun - INFO - 业绩预告处理日期: 20250630
2025-04-02 15:38:55,048 - xxlJobRun - INFO - === 处理业绩报告数据 ===
2025-04-02 15:38:55,151 - xxlJobRun - INFO - 业绩报告：没有获取到数据
2025-04-02 15:38:55,151 - xxlJobRun - INFO - === 处理业绩预告数据 ===
2025-04-02 15:38:55,283 - xxlJobRun - INFO - 业绩预告：没有获取到数据
2025-04-02 15:38:55,283 - xxlJobRun - INFO - === 生成分析报告 ===
2025-04-02 15:39:02,250 - xxlJobRun - INFO - 任务已执行
2025-04-02 15:39:22,840 - xxlJobRun - INFO - === 日期参数 ===
2025-04-02 15:39:22,840 - xxlJobRun - INFO - 当前日期: 2025-04-02
2025-04-02 15:39:22,840 - xxlJobRun - INFO - 业绩报告处理日期: 20250331
2025-04-02 15:39:22,840 - xxlJobRun - INFO - 业绩预告处理日期: 20250630
2025-04-02 15:39:22,840 - xxlJobRun - INFO - === 处理业绩报告数据 ===
2025-04-02 15:39:22,960 - xxlJobRun - INFO - 业绩报告：没有获取到数据
2025-04-02 15:39:22,960 - xxlJobRun - INFO - === 处理业绩预告数据 ===
2025-04-02 15:39:23,051 - xxlJobRun - INFO - 业绩预告：没有获取到数据
2025-04-02 15:39:23,051 - xxlJobRun - INFO - === 生成分析报告 ===
2025-04-02 15:39:26,639 - xxlJobRun - INFO - 任务已执行
