2025-03-27 14:13:58,766 - xxlJobRun - INFO - === 日期参数 ===
2025-03-27 14:13:58,767 - xxlJobRun - INFO - 当前日期: 2025-03-27
2025-03-27 14:13:58,767 - xxlJobRun - INFO - 目标处理日期: 20250331
2025-03-27 14:13:58,767 - xxlJobRun - INFO - === 处理业绩报告数据 ===
2025-03-27 14:13:58,861 - xxlJobRun - ERROR - 业绩报告数据处理出错: cannot access local variable 'e' where it is not associated with a value
2025-03-27 14:13:58,861 - xxlJobRun - INFO - === 处理业绩预告数据 ===
2025-03-27 14:13:59,651 - xxlJobRun - ERROR - 任务执行失败
2025-03-27 14:27:53,303 - xxlJobRun - INFO - === 日期参数 ===
2025-03-27 14:27:53,303 - xxlJobRun - INFO - 当前日期: 2025-03-27
2025-03-27 14:27:53,303 - xxlJobRun - INFO - 目标处理日期: 20250331
2025-03-27 14:27:53,304 - xxlJobRun - INFO - === 处理业绩报告数据 ===
2025-03-27 14:27:53,406 - xxlJobRun - INFO - 业绩报告：没有获取到数据
2025-03-27 14:27:53,407 - xxlJobRun - INFO - === 处理业绩预告数据 ===
2025-03-27 14:27:56,445 - xxlJobRun - INFO - 任务已执行
2025-03-27 17:28:39,107 - xxlJobRun - INFO - === 日期参数 ===
2025-03-27 17:28:39,107 - xxlJobRun - INFO - 当前日期: 2025-03-27
2025-03-27 17:28:39,107 - xxlJobRun - INFO - 目标处理日期: 20200331
2025-03-27 17:28:39,107 - xxlJobRun - INFO - === 处理业绩报告数据 ===
2025-03-27 17:29:56,485 - xxlJobRun - INFO - === 处理业绩预告数据 ===
2025-03-27 17:30:36,966 - xxlJobRun - INFO - 任务已执行
2025-03-27 17:32:53,001 - xxlJobRun - INFO - === 日期参数 ===
2025-03-27 17:32:53,001 - xxlJobRun - INFO - 当前日期: 2025-03-27
2025-03-27 17:32:53,001 - xxlJobRun - INFO - 目标处理日期: 20200630
2025-03-27 17:32:53,002 - xxlJobRun - INFO - === 处理业绩报告数据 ===
2025-03-27 17:35:00,463 - xxlJobRun - INFO - === 处理业绩预告数据 ===
2025-03-27 17:35:55,952 - xxlJobRun - INFO - 任务已执行
